<?xml version="1.0" encoding="UTF-8"?>
<testsuite xmlns:xsi="http://www.w3.org/2001/XMLSchema-instance" xsi:noNamespaceSchemaLocation="https://maven.apache.org/surefire/maven-surefire-plugin/xsd/surefire-test-report-3.0.xsd" version="3.0" name="com.axon.dubbo.demo.ApiTest" time="0.103" tests="7" errors="0" skipped="0" failures="0">
  <properties>
[...]
</properties>
  <testcase name="testSupportedExtensions" classname="com.axon.dubbo.demo.ApiTest" time="0.025">
    <system-out><![CDATA[========== 支持的扩展名 ==========
  - benz
  - bmw
  - f1
  - redflag
[测试通过] 扩展名列表 ✓ (共 4 个)
]]></system-out>
  </testcase>
  <testcase name="testWrapperAOP" classname="com.axon.dubbo.demo.ApiTest" time="0.001">
    <system-out><![CDATA[========== Wrapper AOP ==========
[CarWrapper - 前置] 准备驾驶 Benz
[CarWrapper - 后置] 驾驶结束
drive() 返回: [Wrapped] Benz is driving smoothly...
[CarWrapper - 前置] 准备驾驶 Benz
[CarWrapper - 后置] 驾驶结束
[测试通过] Wrapper AOP ✓ (CarWrapper 自动包装了 BenzCar)
]]></system-out>
  </testcase>
  <testcase name="testGetExtensionByName" classname="com.axon.dubbo.demo.ApiTest" time="0.001">
    <system-out><![CDATA[========== 按名称获取扩展 ==========
[CarWrapper - 前置] 准备驾驶 Benz
[CarWrapper - 后置] 驾驶结束
benz: Benz → [Wrapped] Benz is driving smoothly...
[CarWrapper - 前置] 准备驾驶 BMW
[CarWrapper - 后置] 驾驶结束
bmw: BMW → [Wrapped] BMW is driving fast...
[CarWrapper - 前置] 准备驾驶 RedFlag
[CarWrapper - 后置] 驾驶结束
redflag: RedFlag → [Wrapped] RedFlag is driving with honor...
[测试通过] 按名称获取扩展 ✓ (缓存验证通过)
]]></system-out>
  </testcase>
  <testcase name="testActivate" classname="com.axon.dubbo.demo.ApiTest" time="0.0">
    <system-out><![CDATA[========== @Activate 自动激活 ==========
自动激活的扩展数: 1
[CarWrapper - 前置] 准备驾驶 Filter1
[CarWrapper - 后置] 驾驶结束
  → Filter1: [Wrapped] CarFilter1 applied
[测试通过] @Activate ✓
]]></system-out>
  </testcase>
  <testcase name="testSPIAnnotationRequired" classname="com.axon.dubbo.demo.ApiTest" time="0.001"/>
  <testcase name="testDefaultExtension" classname="com.axon.dubbo.demo.ApiTest" time="0.001">
    <system-out><![CDATA[========== 默认扩展 ==========
默认实现: Benz
[测试通过] 默认扩展 ✓
]]></system-out>
  </testcase>
  <testcase name="testUnknownExtension" classname="com.axon.dubbo.demo.ApiTest" time="0.0"/>
</testsuite>