<?xml version="1.0" encoding="UTF-8"?>
<testsuite xmlns:xsi="http://www.w3.org/2001/XMLSchema-instance" xsi:noNamespaceSchemaLocation="https://maven.apache.org/surefire/maven-surefire-plugin/xsd/surefire-test-report-3.0.xsd" version="3.0" name="com.axon.dubbo.demo.ApiTest" time="0.651" tests="3" errors="0" skipped="0" failures="0">
  <properties>
[...]
</properties>
  <testcase name="testExporterServer" classname="com.axon.dubbo.demo.ApiTest" time="0.548">
    <system-out><![CDATA[[ExporterServer] 导出服务: com.axon.dubbo.demo.IUserService:1.0.0 → UserServiceImpl | URL: dubbo://127.0.0.1:9999/com.axon.dubbo.demo.IUserService?version=1.0.0
[ExporterServer] 启动中，监听端口: 9999
========== Step 04 测试 ==========
[ExporterServer] 启动成功，等待请求...
[InvokerInvocationHandler] 拦截方法: getUser [1001]
[ExporterServer] 收到请求: Request{id=1, iface=com.axon.dubbo.demo.IUserService, method=getUser, args=[1001]}
[UserServiceImpl] getUser(1001)
[测试] getUser: User{id=1001, name='User_1001', age=25, email='user1001@example.com'}
[InvokerInvocationHandler] 拦截方法: getUserName [2002]
[ExporterServer] 收到请求: Request{id=2, iface=com.axon.dubbo.demo.IUserService, method=getUserName, args=[2002]}
[UserServiceImpl] getUserName(2002)
[测试] getUserName: UserName_2002
[InvokerInvocationHandler] 拦截方法: saveUser [User{id=null, name='李四', age=30, email='lisi@test.com'}]
[ExporterServer] 收到请求: Request{id=3, iface=com.axon.dubbo.demo.IUserService, method=saveUser, args=[User{id=null, name='李四', age=30, email='lisi@test.com'}]}
[UserServiceImpl] saveUser(User{id=null, name='李四', age=30, email='lisi@test.com'})
[测试] saveUser: User{id=1783515696038, name='李四', age=30, email='lisi@test.com'}
[测试通过] Invoker/Exporter 体系验证成功！
[DubboExporter] 取消导出服务: com.axon.dubbo.demo.IUserService:1.0.0
[ExporterServer] 已停止，所有服务已取消导出
]]></system-out>
  </testcase>
  <testcase name="testDirectInvokerCall" classname="com.axon.dubbo.demo.ApiTest" time="0.001">
    <system-out><![CDATA[========== Direct Invoker 调用 ==========
Invoker URL: dubbo://127.0.0.1:20880/com.axon.dubbo.demo.IUserService?version=1.0.0
Invoker Interface: com.axon.dubbo.demo.IUserService
Invoker Available: true
[UserServiceImpl] getUser(1001)
Direct Invoker result: RpcResult{value=User{id=1001, name='User_1001', age=25, email='user1001@example.com'}}
[测试通过] Invoker 直连调用验证成功！
]]></system-out>
  </testcase>
  <testcase name="testResultRecreate" classname="com.axon.dubbo.demo.ApiTest" time="0.001">
    <system-out><![CDATA[[测试通过] Result.recreate() 验证成功！
]]></system-out>
  </testcase>
</testsuite>