<?xml version="1.0" encoding="UTF-8"?>
<testsuite xmlns:xsi="http://www.w3.org/2001/XMLSchema-instance" xsi:noNamespaceSchemaLocation="https://maven.apache.org/surefire/maven-surefire-plugin/xsd/surefire-test-report-3.0.xsd" version="3.0" name="com.axon.dubbo.demo.ApiTest" time="3.704" tests="3" errors="0" skipped="0" failures="0">
  <properties>
[...]
</properties>
  <testcase name="testBioNioTransparency" classname="com.axon.dubbo.demo.ApiTest" time="0.005">
    <system-out><![CDATA[========== BIO→NIO 透明升级验证 ==========
Step 14 (BIO) 客户端代码:
  Protocol protocol = new DubboProtocol(registry);
  Invoker<T> inv = protocol.refer(type, url);
  T service = proxyFactory.getProxy(inv);
  service.method();  // 底层: Socket BIO

Step 16 (NIO) 客户端代码:
  Protocol protocol = new DubboProtocol(registry);
  Invoker<T> inv = protocol.refer(type, url);
  T service = proxyFactory.getProxy(inv);
  service.method();  // 底层: Netty NIO ← 仅此不同！

[结论] 上层代码完全一致，Protocol/Proxy/Cluster/Filter 层零改动！
[测试通过] 抽象层价值验证——传输层可插拔！
]]></system-out>
  </testcase>
  <testcase name="testNettyRpcCall" classname="com.axon.dubbo.demo.ApiTest" time="2.766">
    <system-out><![CDATA[[LocalRegistry] 本地注册中心已启动
[AbstractRegistry] 注册服务: com.axon.dubbo.demo.IUserService:1.0.0 → 127.0.0.1:20921（当前共 1 个提供者）
[DubboProtocol] 导出并注册(NIO): com.axon.dubbo.demo.IUserService:1.0.0 | dubbo://127.0.0.1:20921/com.axon.dubbo.demo.IUserService?version=1.0.0
[AbstractRegistry] 添加订阅: com.axon.dubbo.demo.IUserService:1.0.0
[AbstractRegistry] 查找服务: com.axon.dubbo.demo.IUserService:1.0.0 → 找到 1 个提供者
[RegistryDirectory] 收到通知，Provider 数量: 1
[RegistryDirectory]   → 127.0.0.1:20921 (com.axon.dubbo.demo.IUserService:1.0.0)
[RegistryDirectory] 列表已更新，共 1 个 Invoker
[RegistryDirectory] 已订阅: com.axon.dubbo.demo.IUserService:1.0.0
[DubboProtocol] 引用服务(NIO): com.axon.dubbo.demo.IUserService:1.0.0 | Provider: 1
========== Netty NIO RPC 调用 ==========
[InvokerInvocationHandler] 拦截: getUser[1001]
[FailoverClusterInvoker] 开始调用，候选 Provider 数: 1，最大重试: 2
[FailoverClusterInvoker] 第1次尝试 → 127.0.0.1:20921
[NettyInvoker] NIO 调用 → 127.0.0.1:20921 | getUser
[NettyServer] NIO 服务端启动成功，端口: 20921
[NettyClient] 连接成功: 127.0.0.1:20921
[AccessLog] 收到调用: com.axon.dubbo.demo.IUserService.getUser | 参数: [1001]
[UserServiceImpl] getUser(1001)
[AccessLog] 调用完成: 耗时 1ms | 结果: 成功
[FailoverClusterInvoker] 调用成功！
[TimeCost] Consumer 端调用耗时: 1931ms
[1] User_1001
[InvokerInvocationHandler] 拦截: getUser[1002]
[FailoverClusterInvoker] 开始调用，候选 Provider 数: 1，最大重试: 2
[FailoverClusterInvoker] 第1次尝试 → 127.0.0.1:20921
[NettyInvoker] NIO 调用 → 127.0.0.1:20921 | getUser
[AccessLog] 收到调用: com.axon.dubbo.demo.IUserService.getUser | 参数: [1002]
[UserServiceImpl] getUser(1002)
[AccessLog] 调用完成: 耗时 1ms | 结果: 成功
[FailoverClusterInvoker] 调用成功！
[TimeCost] Consumer 端调用耗时: 1ms
[2] User_1002
[InvokerInvocationHandler] 拦截: getUser[1003]
[FailoverClusterInvoker] 开始调用，候选 Provider 数: 1，最大重试: 2
[FailoverClusterInvoker] 第1次尝试 → 127.0.0.1:20921
[NettyInvoker] NIO 调用 → 127.0.0.1:20921 | getUser
[AccessLog] 收到调用: com.axon.dubbo.demo.IUserService.getUser | 参数: [1003]
[UserServiceImpl] getUser(1003)
[AccessLog] 调用完成: 耗时 0ms | 结果: 成功
[FailoverClusterInvoker] 调用成功！
[TimeCost] Consumer 端调用耗时: 2ms
[3] User_1003
[测试通过] Netty NIO 端到端调用成功，3 次请求连接复用！
[DubboExporter] 取消导出: com.axon.dubbo.demo.IUserService:1.0.0
[AbstractRegistry] 取消注册: com.axon.dubbo.demo.IUserService:1.0.0 → 127.0.0.1:20921
[RegistryDirectory] 收到通知，Provider 数量: 0
[RegistryDirectory] 列表已更新，共 0 个 Invoker
]]></system-out>
    <system-err><![CDATA[log4j:WARN No appenders could be found for logger (io.netty.util.internal.logging.InternalLoggerFactory).
log4j:WARN Please initialize the log4j system properly.
log4j:WARN See http://logging.apache.org/log4j/1.2/faq.html#noconfig for more info.
]]></system-err>
  </testcase>
  <testcase name="testNettyWithFilterChain" classname="com.axon.dubbo.demo.ApiTest" time="0.886">
    <system-out><![CDATA[[LocalRegistry] 本地注册中心已启动
[NettyServer] NIO 服务端启动成功，端口: 20922
[AbstractRegistry] 注册服务: com.axon.dubbo.demo.IUserService:1.0.0 → 127.0.0.1:20922（当前共 1 个提供者）
[DubboProtocol] 导出并注册(NIO): com.axon.dubbo.demo.IUserService:1.0.0 | dubbo://127.0.0.1:20922/com.axon.dubbo.demo.IUserService?version=1.0.0
[AbstractRegistry] 添加订阅: com.axon.dubbo.demo.IUserService:1.0.0
[AbstractRegistry] 查找服务: com.axon.dubbo.demo.IUserService:1.0.0 → 找到 1 个提供者
[RegistryDirectory] 收到通知，Provider 数量: 1
[RegistryDirectory]   → 127.0.0.1:20922 (com.axon.dubbo.demo.IUserService:1.0.0)
[RegistryDirectory] 列表已更新，共 1 个 Invoker
[RegistryDirectory] 已订阅: com.axon.dubbo.demo.IUserService:1.0.0
[DubboProtocol] 引用服务(NIO): com.axon.dubbo.demo.IUserService:1.0.0 | Provider: 1
========== Netty + Filter 链 ==========
[InvokerInvocationHandler] 拦截: getUser[9999]
[FailoverClusterInvoker] 开始调用，候选 Provider 数: 1，最大重试: 2
[FailoverClusterInvoker] 第1次尝试 → 127.0.0.1:20922
[NettyInvoker] NIO 调用 → 127.0.0.1:20922 | getUser
[NettyClient] 连接成功: 127.0.0.1:20922
[AccessLog] 收到调用: com.axon.dubbo.demo.IUserService.getUser | 参数: [9999]
[UserServiceImpl] getUser(9999)
[AccessLog] 调用完成: 耗时 0ms | 结果: 成功
[FailoverClusterInvoker] 调用成功！
[TimeCost] Consumer 端调用耗时: 52ms
[结果] User{id=9999, name='User_9999', age=25, email='user9999@example.com'}
[测试通过] Filter 链在 Netty 下透明运行！
[NettyServer] 已关闭
[AbstractRegistry] 取消订阅: com.axon.dubbo.demo.IUserService:1.0.0
[RegistryDirectory] 已取消订阅
[AbstractRegistry] 取消注册: com.axon.dubbo.demo.IUserService:1.0.0 → 127.0.0.1:20922
[DubboExporter] 取消导出: com.axon.dubbo.demo.IUserService:1.0.0
[DubboProtocol] 已销毁
]]></system-out>
  </testcase>
</testsuite>