<?xml version="1.0" encoding="UTF-8"?>
<testsuite xmlns:xsi="http://www.w3.org/2001/XMLSchema-instance" xsi:noNamespaceSchemaLocation="https://maven.apache.org/surefire/maven-surefire-plugin/xsd/surefire-test-report-3.0.xsd" version="3.0" name="com.axon.dubbo.demo.ApiTest" time="0.738" tests="3" errors="0" skipped="0" failures="0">
  <properties>
[...]
</properties>
  <testcase name="testDirectoryProviderChange" classname="com.axon.dubbo.demo.ApiTest" time="0.336">
    <system-out><![CDATA[[LocalRegistry] 本地注册中心已启动
[AbstractRegistry] 添加订阅: com.axon.dubbo.demo.IUserService:1.0.0
[AbstractRegistry] 未找到服务: com.axon.dubbo.demo.IUserService:1.0.0
[RegistryDirectory] 收到通知，Provider 数量: 0
[RegistryDirectory] Invoker 列表已更新，共 0 个
[RegistryDirectory] 已订阅服务: com.axon.dubbo.demo.IUserService:1.0.0
[测试] 初始 Invoker 数量: 0
[AbstractRegistry] 注册服务: com.axon.dubbo.demo.IUserService:1.0.0 → 10.0.0.1:20880（当前共 1 个提供者）
[RegistryDirectory] 收到通知，Provider 数量: 1
[RegistryDirectory]   → 10.0.0.1:20880
[RegistryDirectory] Invoker 列表已更新，共 1 个
[测试] Provider 1 注册后 Invoker 数量: 1
[AbstractRegistry] 注册服务: com.axon.dubbo.demo.IUserService:1.0.0 → 10.0.0.2:20880（当前共 2 个提供者）
[RegistryDirectory] 收到通知，Provider 数量: 2
[RegistryDirectory]   → 10.0.0.1:20880
[RegistryDirectory]   → 10.0.0.2:20880
[RegistryDirectory] Invoker 列表已更新，共 2 个
[测试] Provider 2 注册后 Invoker 数量: 2
[AbstractRegistry] 取消注册: com.axon.dubbo.demo.IUserService:1.0.0 → 10.0.0.1:20880
[RegistryDirectory] 收到通知，Provider 数量: 1
[RegistryDirectory]   → 10.0.0.2:20880
[RegistryDirectory] Invoker 列表已更新，共 1 个
[测试] Provider 1 下线后 Invoker 数量: 1
[测试通过] Directory 动态感知 Provider 变化验证成功！
[AbstractRegistry] 取消订阅: com.axon.dubbo.demo.IUserService:1.0.0
[RegistryDirectory] 已取消订阅: com.axon.dubbo.demo.IUserService:1.0.0
]]></system-out>
  </testcase>
  <testcase name="testDirectoryRpcCall" classname="com.axon.dubbo.demo.ApiTest" time="0.352">
    <system-out><![CDATA[[LocalRegistry] 本地注册中心已启动
[AbstractRegistry] 注册服务: com.axon.dubbo.demo.IUserService:1.0.0 → 127.0.0.1:20883（当前共 1 个提供者）
[DubboProtocol] 导出并注册: com.axon.dubbo.demo.IUserService:1.0.0 | dubbo://127.0.0.1:20883/com.axon.dubbo.demo.IUserService?version=1.0.0
[DubboProtocol] 端口监听: 20883
[DubboProtocol] 引用服务: com.axon.dubbo.demo.IUserService:1.0.0
[AbstractRegistry] 添加订阅: com.axon.dubbo.demo.IUserService:1.0.0
[AbstractRegistry] 查找服务: com.axon.dubbo.demo.IUserService:1.0.0 → 找到 1 个提供者
[RegistryDirectory] 收到通知，Provider 数量: 1
[RegistryDirectory]   → 127.0.0.1:20883
[RegistryDirectory] Invoker 列表已更新，共 1 个
[RegistryDirectory] 已订阅服务: com.axon.dubbo.demo.IUserService:1.0.0
[DubboProtocol] 从 Directory 获取到 1 个 Invoker
========== Directory RPC 调用测试 ==========
[InvokerInvocationHandler] 拦截: getUser[1001]
[DubboInvoker] 发起远程调用: Request{id=1, svc=com.axon.dubbo.demo.IUserService, m=getUser, args=[1001]} → 127.0.0.1:20883
[UserServiceImpl] getUser(1001)
[测试] 通过 Directory 调用成功: User{id=1001, name='User_1001', age=25, email='user1001@example.com'}
[测试通过] Directory + RPC 端到端验证成功！
[DubboExporter] 取消导出: com.axon.dubbo.demo.IUserService:1.0.0
[AbstractRegistry] 取消注册: com.axon.dubbo.demo.IUserService:1.0.0 → 127.0.0.1:20883
[RegistryDirectory] 收到通知，Provider 数量: 0
[RegistryDirectory] Invoker 列表已更新，共 0 个
]]></system-out>
  </testcase>
  <testcase name="testDirectoryNoProvider" classname="com.axon.dubbo.demo.ApiTest" time="0.001">
    <system-out><![CDATA[[LocalRegistry] 本地注册中心已启动
[AbstractRegistry] 添加订阅: com.axon.dubbo.demo.UnknownService:1.0.0
[AbstractRegistry] 未找到服务: com.axon.dubbo.demo.UnknownService:1.0.0
[RegistryDirectory] 收到通知，Provider 数量: 0
[RegistryDirectory] Invoker 列表已更新，共 0 个
[RegistryDirectory] 已订阅服务: com.axon.dubbo.demo.UnknownService:1.0.0
[测试通过] 无 Provider 时 Directory 返回空列表
[AbstractRegistry] 取消订阅: com.axon.dubbo.demo.UnknownService:1.0.0
[RegistryDirectory] 已取消订阅: com.axon.dubbo.demo.UnknownService:1.0.0
]]></system-out>
  </testcase>
</testsuite>