<?xml version="1.0" encoding="UTF-8"?>
<testsuite xmlns:xsi="http://www.w3.org/2001/XMLSchema-instance" xsi:noNamespaceSchemaLocation="https://maven.apache.org/surefire/maven-surefire-plugin/xsd/surefire-test-report-3.0.xsd" version="3.0" name="com.axon.dubbo.demo.ApiTest" time="0.457" tests="4" errors="0" skipped="0" failures="0">
  <properties>
[...]
</properties>
  <testcase name="testSerializationRoundTrip" classname="com.axon.dubbo.demo.ApiTest" time="0.367">
    <system-out><![CDATA[========== 序列化往返 + 体积对比 ==========
原始对象: Order{id=ORD-2024-001, uid=1001, items=3, total=849.3}

  java       →   591 bytes | 还原: orderId=ORD-2024-001 items=3 total=849.3
  hessian2   →   260 bytes | 还原: orderId=ORD-2024-001 items=3 total=849.3
  fastjson   →   254 bytes | 还原: orderId=ORD-2024-001 items=3 total=849.3
  kryo       →   202 bytes | 还原: orderId=ORD-2024-001 items=3 total=849.3

体积对比（以 JDK 为基准 100%）:
  java         591 bytes (100.0%)
  hessian2     260 bytes ( 44.0%)
  fastjson     254 bytes ( 43.0%)
  kryo         202 bytes ( 34.2%)
[测试通过] 4 种序列化往返全部成功！
]]></system-out>
  </testcase>
  <testcase name="testSerializationSPI" classname="com.axon.dubbo.demo.ApiTest" time="0.001">
    <system-out><![CDATA[========== 序列化 SPI ==========
  fastjson → FastJsonSerialization
  hessian2 → Hessian2Serialization
  java → JavaSerialization
  kryo → KryoSerialization
[测试通过] 4 种序列化全部通过 SPI 加载！
]]></system-out>
  </testcase>
  <testcase name="testDefaultSerialization" classname="com.axon.dubbo.demo.ApiTest" time="0.002">
    <system-out><![CDATA[========== 默认序列化 ==========
默认: JavaSerialization
[测试通过] @SPI("java") 默认序列化验证！
]]></system-out>
  </testcase>
  <testcase name="testCodecWithSerializationSwitch" classname="com.axon.dubbo.demo.ApiTest" time="0.012">
    <system-out><![CDATA[========== 协议头序列化标志位 ==========
  序列化ID=0 (0x0) →   446 bytes | Flag=0x00 | 解码: getUser(1001)
  序列化ID=1 (0x1) →   200 bytes | Flag=0x01 | 解码: getUser(1001)
  序列化ID=2 (0x2) →   153 bytes | Flag=0x02 | 解码: getUser(1001)
  序列化ID=3 (0x3) →   146 bytes | Flag=0x03 | 解码: getUser(1001)
[测试通过] 协议头序列化标志位 4 种全部验证！
]]></system-out>
  </testcase>
</testsuite>