<?xml version="1.0" encoding="UTF-8"?>
<testsuite xmlns:xsi="http://www.w3.org/2001/XMLSchema-instance" xsi:noNamespaceSchemaLocation="https://maven.apache.org/surefire/maven-surefire-plugin/xsd/surefire-test-report-3.0.xsd" version="3.0" name="com.axon.dubbo.demo.ApiTest" time="0.203" tests="3" errors="0" skipped="0" failures="0">
  <properties>
[...]
</properties>
  <testcase name="testProxyObjectMethods" classname="com.axon.dubbo.demo.ApiTest" time="0.042">
    <system-out><![CDATA[[ObjectServer] 注册服务: com.axon.dubbo.demo.IUserService → UserServiceImpl
[ObjectServer] 服务端启动中，监听端口: 9998
[ObjectServer] 服务端启动成功，等待客户端连接...
[测试] proxy.toString() = com.axon.dubbo.rpc.proxy.jdk.InvokerInvocationHandler@7e0babb1
[测试] proxy.hashCode() = 2114694065
[测试通过] Object 方法正确在本地处理，未触发远程调用
]]></system-out>
  </testcase>
  <testcase name="testProxyRpcCall" classname="com.axon.dubbo.demo.ApiTest" time="0.048">
    <system-out><![CDATA[[ObjectServer] 注册服务: com.axon.dubbo.demo.IUserService → UserServiceImpl
========== Step 03 测试开始 ==========
[InvokerInvocationHandler] 拦截方法调用: IUserService.getUser([1001])
[ObjectServer] 服务端启动中，监听端口: 9999
[ObjectServer] 服务端启动成功，等待客户端连接...
[ObjectServer] 收到客户端连接: /127.0.0.1
[ObjectServer] 收到请求: Request{id=1, interfaceName='com.axon.dubbo.demo.IUserService', methodName='getUser', args=[1001]}
[UserServiceImpl] 执行 getUser(1001)
[ObjectServer] 返回响应: Response{id=1, success=true, result=User{id=1001, name='User_1001', age=25, email='user1001@example.com'}}
[InvokerInvocationHandler] 远程调用成功，返回值: User{id=1001, name='User_1001', age=25, email='user1001@example.com'}
[测试] getUser 返回: User{id=1001, name='User_1001', age=25, email='user1001@example.com'}
[InvokerInvocationHandler] 拦截方法调用: IUserService.getUserName([2002])
[ObjectServer] 收到客户端连接: /127.0.0.1
[ObjectServer] 收到请求: Request{id=2, interfaceName='com.axon.dubbo.demo.IUserService', methodName='getUserName', args=[2002]}
[UserServiceImpl] 执行 getUserName(2002)
[ObjectServer] 返回响应: Response{id=2, success=true, result=UserName_2002}
[InvokerInvocationHandler] 远程调用成功，返回值: UserName_2002
[测试] getUserName 返回: UserName_2002
[InvokerInvocationHandler] 拦截方法调用: IUserService.saveUser([User{id=null, name='张三', age=28, email='zhangsan@example.com'}])
[ObjectServer] 收到客户端连接: /127.0.0.1
[ObjectServer] 收到请求: Request{id=3, interfaceName='com.axon.dubbo.demo.IUserService', methodName='saveUser', args=[User{id=null, name='张三', age=28, email='zhangsan@example.com'}]}
[UserServiceImpl] 执行 saveUser(User{id=null, name='张三', age=28, email='zhangsan@example.com'})
[ObjectServer] 返回响应: Response{id=3, success=true, result=User{id=1783513773484, name='张三', age=28, email='zhangsan@example.com'}}
[InvokerInvocationHandler] 远程调用成功，返回值: User{id=1783513773484, name='张三', age=28, email='zhangsan@example.com'}
[测试] saveUser 返回: User{id=1783513773484, name='张三', age=28, email='zhangsan@example.com'}
=======================================
[测试通过] 动态代理 RPC 调用验证成功！
客户端通过普通接口调用完成了 3 次远程方法调用！
]]></system-out>
  </testcase>
  <testcase name="testProxyClassNotInterface" classname="com.axon.dubbo.demo.ApiTest" time="0.0"/>
</testsuite>