<?xml version="1.0" encoding="UTF-8"?>
<testsuite xmlns:xsi="http://www.w3.org/2001/XMLSchema-instance" xsi:noNamespaceSchemaLocation="https://maven.apache.org/surefire/maven-surefire-plugin/xsd/surefire-test-report-3.0.xsd" version="3.0" name="com.axon.dubbo.demo.ApiTest" time="32.863" tests="3" errors="0" skipped="0" failures="0">
  <properties>
[...]
</properties>
  <testcase name="testZkSubscribeNotify" classname="com.axon.dubbo.demo.ApiTest" time="30.16">
    <system-out><![CDATA[[测试] 嵌入式 ZK 启动: 127.0.0.1:61080
[测试] Curator 客户端已连接
[ZookeeperRegistry] ZK 注册中心已启动，连接: 127.0.0.1:61080
[ZookeeperRegistry] 启动 Watcher: /dubbo/com.axon.dubbo.demo.IUserService:1.0.0/providers
[ZookeeperRegistry] 查找服务: com.axon.dubbo.demo.IUserService:1.0.0 → 找到 0 个提供者
[订阅者] 收到通知，Provider 数量: 0
[ZookeeperRegistry] 注册服务: com.axon.dubbo.demo.IUserService:1.0.0 → ZK 节点: /dubbo/com.axon.dubbo.demo.IUserService:1.0.0/providers/dubbo%3A%2F%2F10.0.0.1%3A20880%2Fcom.axon.dubbo.demo.IUserService%3Fversion%3D1.0.0
[ZookeeperRegistry] 查找服务: com.axon.dubbo.demo.IUserService:1.0.0 → 找到 1 个提供者
[订阅者] 收到通知，Provider 数量: 1
[测试通过] ZK 订阅通知验证成功！
[ZookeeperRegistry] 关闭 Watcher: com.axon.dubbo.demo.IUserService:1.0.0
[ZookeeperRegistry] 已关闭
[测试] 资源已清理

]]></system-out>
    <system-err><![CDATA[log4j:WARN No appenders could be found for logger (org.apache.zookeeper.server.quorum.QuorumPeerConfig).
log4j:WARN Please initialize the log4j system properly.
log4j:WARN See http://logging.apache.org/log4j/1.2/faq.html#noconfig for more info.
]]></system-err>
  </testcase>
  <testcase name="testZkRegisterAndLookup" classname="com.axon.dubbo.demo.ApiTest" time="0.868">
    <system-out><![CDATA[[测试] 嵌入式 ZK 启动: 127.0.0.1:61135
[测试] Curator 客户端已连接
[ZookeeperRegistry] ZK 注册中心已启动，连接: 127.0.0.1:61135
[ZookeeperRegistry] 注册服务: com.axon.dubbo.demo.IUserService:1.0.0 → ZK 节点: /dubbo/com.axon.dubbo.demo.IUserService:1.0.0/providers/dubbo%3A%2F%2F192.168.1.100%3A20880%2Fcom.axon.dubbo.demo.IUserService%3Fversion%3D1.0.0
[ZookeeperRegistry] 查找服务: com.axon.dubbo.demo.IUserService:1.0.0 → 找到 1 个提供者
[测试] ZK 节点 /dubbo/com.axon.dubbo.demo.IUserService:1.0.0/providers 下有 1 个子节点
[ZookeeperRegistry] 查找服务: com.axon.dubbo.demo.IUserService:1.0.0 → 找到 1 个提供者
[ZookeeperRegistry] 取消注册: com.axon.dubbo.demo.IUserService:1.0.0 → 删除节点: /dubbo/com.axon.dubbo.demo.IUserService:1.0.0/providers/dubbo%3A%2F%2F192.168.1.100%3A20880%2Fcom.axon.dubbo.demo.IUserService%3Fversion%3D1.0.0
[ZookeeperRegistry] 查找服务: com.axon.dubbo.demo.IUserService:1.0.0 → 找到 0 个提供者
[测试通过] ZK 注册与查找验证成功！
[ZookeeperRegistry] 已关闭
[测试] 资源已清理

]]></system-out>
  </testcase>
  <testcase name="testZkEphemeralNode" classname="com.axon.dubbo.demo.ApiTest" time="1.775">
    <system-out><![CDATA[[测试] 嵌入式 ZK 启动: 127.0.0.1:61160
[测试] Curator 客户端已连接
[ZookeeperRegistry] ZK 注册中心已启动，连接: 127.0.0.1:61160
[ZookeeperRegistry] ZK 注册中心已启动，连接: 127.0.0.1:61160
[ZookeeperRegistry] 注册服务: com.axon.dubbo.demo.IUserService:1.0.0 → ZK 节点: /dubbo/com.axon.dubbo.demo.IUserService:1.0.0/providers/dubbo%3A%2F%2F10.0.0.99%3A29999%2Fcom.axon.dubbo.demo.IUserService%3Fversion%3D1.0.0
[ZookeeperRegistry] 查找服务: com.axon.dubbo.demo.IUserService:1.0.0 → 找到 1 个提供者
[测试] Provider 节点已创建: /dubbo/com.axon.dubbo.demo.IUserService:1.0.0/providers
[测试] Provider Client 已关闭（模拟断连）
[测试] Provider 节点是否仍存在: false
[ZookeeperRegistry] 查找服务: com.axon.dubbo.demo.IUserService:1.0.0 → 找到 0 个提供者
[测试] 当前 lookup 结果: 0 个
[测试通过] ZK 临时节点生命周期验证完成！
[ZookeeperRegistry] 已关闭
[ZookeeperRegistry] 已关闭
[测试] 资源已清理

]]></system-out>
  </testcase>
</testsuite>