<?xml version="1.0" encoding="UTF-8"?>
<testsuite xmlns:xsi="http://www.w3.org/2001/XMLSchema-instance" xsi:noNamespaceSchemaLocation="https://maven.apache.org/surefire/maven-surefire-plugin/xsd/surefire-test-report-3.0.xsd" version="3.0" name="com.axon.dubbo.demo.ApiTest" time="0.111" tests="5" errors="0" skipped="0" failures="0">
  <properties>
[...]
</properties>
  <testcase name="testSingleProvider" classname="com.axon.dubbo.demo.ApiTest" time="0.011">
    <system-out><![CDATA[[测试通过] 单 Provider 时 4 种策略都直接返回！
]]></system-out>
  </testcase>
  <testcase name="testRandomLoadBalance" classname="com.axon.dubbo.demo.ApiTest" time="0.006">
    <system-out><![CDATA[========== RandomLoadBalance（加权随机）==========
  10.0.0.2:20881: 2046 次
  10.0.0.1:20880: 1035 次
  10.0.0.3:20882: 2919 次
[测试通过] 加权随机分布符合权重比例！
]]></system-out>
  </testcase>
  <testcase name="testConsistentHashLoadBalance" classname="com.axon.dubbo.demo.ApiTest" time="0.038">
    <system-out><![CDATA[========== ConsistentHashLoadBalance ==========
  相同参数(1001L) 10 次 → 始终命中 10.0.0.2:20881 ✓
  不同参数(1-50) 50 次 → 命中 3 个不同 Provider
[测试通过] 一致性哈希验证成功！
]]></system-out>
  </testcase>
  <testcase name="testRoundRobinLoadBalance" classname="com.axon.dubbo.demo.ApiTest" time="0.002">
    <system-out><![CDATA[========== RoundRobinLoadBalance（加权轮询）==========
  第1次 → 10.0.0.1:20880
  第2次 → 10.0.0.1:20880
  第3次 → 10.0.0.2:20881
  第4次 → 10.0.0.1:20880
  第5次 → 10.0.0.3:20882
  第6次 → 10.0.0.1:20880
  第7次 → 10.0.0.1:20880
[测试通过] 加权轮询分布完美匹配 5:1:1！
]]></system-out>
  </testcase>
  <testcase name="testLeastActiveLoadBalance" classname="com.axon.dubbo.demo.ApiTest" time="0.001">
    <system-out><![CDATA[========== LeastActiveLoadBalance ==========
  10.0.0.1:20880: 20 次
[测试通过] 最少活跃正确选中最空闲的 Provider！
]]></system-out>
  </testcase>
</testsuite>