<?xml version="1.0" encoding="UTF-8"?>
<testsuite xmlns:xsi="http://www.w3.org/2001/XMLSchema-instance" xsi:noNamespaceSchemaLocation="https://maven.apache.org/surefire/maven-surefire-plugin/xsd/surefire-test-report-3.0.xsd" version="3.0" name="com.axon.dubbo.remoting.transport.socket.ApiTest" time="0.185" tests="3" errors="0" skipped="0" failures="0">
  <properties>
[...]
</properties>
  <testcase name="testSerializationRoundTrip" classname="com.axon.dubbo.remoting.transport.socket.ApiTest" time="0.039">
    <system-out><![CDATA[[RoundTrip] 序列化后字节数: 429
[RoundTrip] 反序列化结果: Request{id=1, interfaceName='com.axon.dubbo.demo.UserService', methodName='getUser', parameterTypes=[java.lang.Long], arguments=[1001]}
[RoundTrip 测试通过] 序列化/反序列化数据完整
]]></system-out>
  </testcase>
  <testcase name="testObjectRpcCall" classname="com.axon.dubbo.remoting.transport.socket.ApiTest" time="0.065">
    <system-out><![CDATA[[ObjectClient] 准备发送请求: Request{id=1, interfaceName='com.axon.dubbo.demo.UserService', methodName='getUser', parameterTypes=[java.lang.Long], arguments=[1001]}
[ObjectClient] 序列化请求完成，长度: 429 bytes
[ObjectClient] 请求已发送
[测试服务端] 收到请求: Request{id=1, interfaceName='com.axon.dubbo.demo.UserService', methodName='getUser', parameterTypes=[java.lang.Long], arguments=[1001]}
[ObjectClient] 收到响应，长度: 230 bytes
[ObjectClient] 反序列化响应: Response{id=1, success=true, result=Hello 1001! 来自服务端的问候。}
========== Step 02 测试结果 ==========
请求: Request{id=1, interfaceName='com.axon.dubbo.demo.UserService', methodName='getUser', parameterTypes=[java.lang.Long], arguments=[1001]}
响应: Response{id=1, success=true, result=Hello 1001! 来自服务端的问候。}
=======================================
[测试通过] 对象序列化 RPC 调用验证成功！
]]></system-out>
  </testcase>
  <testcase name="testErrorResponse" classname="com.axon.dubbo.remoting.transport.socket.ApiTest" time="0.001">
    <system-out><![CDATA[[测试通过] 异常响应序列化验证成功！
]]></system-out>
  </testcase>
</testsuite>