<?xml version="1.0" encoding="UTF-8"?>
<testsuite xmlns:xsi="http://www.w3.org/2001/XMLSchema-instance" xsi:noNamespaceSchemaLocation="https://maven.apache.org/surefire/maven-surefire-plugin/xsd/surefire-test-report-3.0.xsd" version="3.0" name="com.axon.dubbo.demo.ApiTest" time="0.434" tests="4" errors="0" skipped="0" failures="0">
  <properties>
[...]
</properties>
  <testcase name="testFilterSPILoading" classname="com.axon.dubbo.demo.ApiTest" time="0.013">
    <system-out><![CDATA[========== Filter SPI 加载 ==========
  accesslog → AccessLogFilter
  exception → ExceptionFilter
  timecost → TimeCostFilter
[测试通过] Filter SPI 加载成功！
]]></system-out>
  </testcase>
  <testcase name="testProviderFilterChain" classname="com.axon.dubbo.demo.ApiTest" time="0.001">
    <system-out><![CDATA[========== Provider 端 Filter 链 ==========
  AccessLogFilter (order=100)
  ExceptionFilter (order=200)
[测试通过] Provider 端 Filter 链共 2 个！
]]></system-out>
  </testcase>
  <testcase name="testEndToEndWithFilter" classname="com.axon.dubbo.demo.ApiTest" time="0.365">
    <system-out><![CDATA[[LocalRegistry] 本地注册中心已启动
[DubboProtocol] 构建Provider端 Filter 链，共 2 个:
  1. AccessLogFilter (order=100)
  2. ExceptionFilter (order=200)
[AbstractRegistry] 注册服务: com.axon.dubbo.demo.IUserService:1.0.0 → 127.0.0.1:20911（当前共 1 个提供者）
[DubboProtocol] 导出并注册: com.axon.dubbo.demo.IUserService:1.0.0 | dubbo://127.0.0.1:20911/com.axon.dubbo.demo.IUserService?version=1.0.0 | Filter链已构建
[DubboProtocol] 端口监听: 20911
[DubboProtocol] 引用服务: com.axon.dubbo.demo.IUserService:1.0.0
[AbstractRegistry] 添加订阅: com.axon.dubbo.demo.IUserService:1.0.0
[AbstractRegistry] 查找服务: com.axon.dubbo.demo.IUserService:1.0.0 → 找到 1 个提供者
[RegistryDirectory] 收到通知，Provider 数量: 1
[RegistryDirectory]   → 127.0.0.1:20911 (com.axon.dubbo.demo.IUserService:1.0.0)
[RegistryDirectory] 列表已更新，共 1 个 Invoker
[RegistryDirectory] 已订阅: com.axon.dubbo.demo.IUserService:1.0.0
[DubboProtocol] 构建Consumer端 Filter 链，共 1 个:
  1. TimeCostFilter (order=100)
[DubboProtocol] 引用服务: com.axon.dubbo.demo.IUserService:1.0.0 | Provider 数量: 1 | 集群: failover | Filter链已构建
========== 端到端 Filter 链调用 ==========
[InvokerInvocationHandler] 拦截: getUser[1001]
[FailoverClusterInvoker] 开始调用，候选 Provider 数: 1，最大重试: 2
[FailoverClusterInvoker] 第1次尝试 → 127.0.0.1:20911
[DubboInvoker] 发起远程调用: Request{id=1, svc=com.axon.dubbo.demo.IUserService, m=getUser, args=[1001]} → 127.0.0.1:20911
[AccessLog] 收到调用: com.axon.dubbo.demo.IUserService.getUser | 参数: [1001]
[UserServiceImpl] getUser(1001)
[AccessLog] 调用完成: 耗时 1ms | 结果: 成功
[FailoverClusterInvoker] 调用成功！
[TimeCost] Consumer 端调用耗时: 99ms
[结果] User{id=1001, name='User_1001', age=25, email='user1001@example.com'}
[测试通过] Filter 链端到端验证成功！
[DubboExporter] 取消导出: com.axon.dubbo.demo.IUserService:1.0.0
[AbstractRegistry] 取消注册: com.axon.dubbo.demo.IUserService:1.0.0 → 127.0.0.1:20911
[RegistryDirectory] 收到通知，Provider 数量: 0
[RegistryDirectory] 列表已更新，共 0 个 Invoker
]]></system-out>
  </testcase>
  <testcase name="testConsumerFilterChain" classname="com.axon.dubbo.demo.ApiTest" time="0.005">
    <system-out><![CDATA[========== Consumer 端 Filter 链 ==========
  TimeCostFilter (order=100)
[测试通过] Consumer 端 Filter 链共 1 个！
]]></system-out>
  </testcase>
</testsuite>