<?xml version="1.0" encoding="UTF-8"?>
<testsuite xmlns:xsi="http://www.w3.org/2001/XMLSchema-instance" xsi:noNamespaceSchemaLocation="https://maven.apache.org/surefire/maven-surefire-plugin/xsd/surefire-test-report-3.0.xsd" version="3.0" name="com.axon.dubbo.demo.ApiTest" time="2.341" tests="3" errors="0" skipped="0" failures="0">
  <properties>
[...]
</properties>
  <testcase name="testServiceConfig" classname="com.axon.dubbo.demo.ApiTest" time="1.45">
    <system-out><![CDATA[[LocalRegistry] 本地注册中心已启动
[AbstractRegistry] 注册服务: com.axon.dubbo.demo.IUserService:1.0.0 → 127.0.0.1:20880（当前共 1 个提供者）
[DubboProtocol] 导出并注册(NIO): com.axon.dubbo.demo.IUserService:1.0.0 | dubbo://127.0.0.1:20880/com.axon.dubbo.demo.IUserService?version=1.0.0
[ServiceConfig] 服务已导出: IUserService | dubbo://127.0.0.1:20880/com.axon.dubbo.demo.IUserService?version=1.0.0
========== ServiceConfig ==========
服务已导出，等待 Consumer 调用...
[AbstractRegistry] 添加订阅: com.axon.dubbo.demo.IUserService:1.0.0
[AbstractRegistry] 查找服务: com.axon.dubbo.demo.IUserService:1.0.0 → 找到 1 个提供者
[RegistryDirectory] 收到通知，Provider 数量: 1
[RegistryDirectory]   → 127.0.0.1:20880 (com.axon.dubbo.demo.IUserService:1.0.0)
[RegistryDirectory] 列表已更新，共 1 个 Invoker
[RegistryDirectory] 已订阅: com.axon.dubbo.demo.IUserService:1.0.0
[DubboProtocol] 引用服务(NIO): com.axon.dubbo.demo.IUserService:1.0.0 | Provider: 1
[ReferenceConfig] 服务已引用: IUserService
[InvokerInvocationHandler] 拦截: getUser[1001]
[FailoverClusterInvoker] 开始调用，候选 Provider 数: 1，最大重试: 2
[FailoverClusterInvoker] 第1次尝试 → 127.0.0.1:20880
[NettyInvoker] NIO 调用 → 127.0.0.1:20880 | getUser
[NettyServer] NIO 服务端启动成功，端口: 20880
[NettyClient] 连接成功: 127.0.0.1:20880
[AccessLog] 收到调用: com.axon.dubbo.demo.IUserService.getUser | 参数: [1001]
[UserServiceImpl] getUser(1001)
[AccessLog] 调用完成: 耗时 1ms | 结果: 成功
[FailoverClusterInvoker] 调用成功！
[TimeCost] Consumer 端调用耗时: 593ms
[结果] User{id=1001, name='User_1001', age=25, email='user1001@example.com'}
[测试通过] ServiceConfig/ReferenceConfig 声明式 API 验证成功！
[DubboExporter] 取消导出: com.axon.dubbo.demo.IUserService:1.0.0
[NettyServer] 已关闭
[AbstractRegistry] 取消注册: com.axon.dubbo.demo.IUserService:1.0.0 → 127.0.0.1:20880
[RegistryDirectory] 收到通知，Provider 数量: 0
[RegistryDirectory] 列表已更新，共 0 个 Invoker
[DubboProtocol] 已销毁
]]></system-out>
    <system-err><![CDATA[log4j:WARN No appenders could be found for logger (io.netty.util.internal.logging.InternalLoggerFactory).
log4j:WARN Please initialize the log4j system properly.
log4j:WARN See http://logging.apache.org/log4j/1.2/faq.html#noconfig for more info.
]]></system-err>
  </testcase>
  <testcase name="testConfigVsManual" classname="com.axon.dubbo.demo.ApiTest" time="0.002">
    <system-out><![CDATA[========== 手动 vs 声明式 对比 ==========

【Step 19 手动流程 —— 10+ 行代码】
  RegistryService registry = new LocalRegistry(...);
  Protocol protocol = new DubboProtocol(registry);
  ProxyFactory proxyFactory = new JdkProxyFactory();
  URL url = URL.builder()...build();
  Invoker<T> inv = proxyFactory.getInvoker(impl, ...);
  Exporter<T> exporter = protocol.export(inv);
  // Consumer 也需要类似 6 行...

【Step 20 声明式流程 —— 4 行代码】
  ServiceConfig<T> service = new ServiceConfig<>();
  service.setInterface(IXxx.class);
  service.setRef(new XxxImpl());
  service.export();  // 一键启动！

  ReferenceConfig<T> ref = new ReferenceConfig<>();
  ref.setInterface(IXxx.class);
  T proxy = ref.get();  // 一行获取代理！
  proxy.method();  // 透明 RPC 调用

[结论] 配置层封装了 Registry/Protocol/ProxyFactory/URL 等底层细节
[测试通过] 从 10+ 行到 4 行，简化 60%！
]]></system-out>
  </testcase>
  <testcase name="testReferenceCache" classname="com.axon.dubbo.demo.ApiTest" time="0.83">
    <system-out><![CDATA[[NettyServer] NIO 服务端启动成功，端口: 20880
[AbstractRegistry] 注册服务: com.axon.dubbo.demo.IUserService:1.0.0 → 127.0.0.1:20880（当前共 1 个提供者）
[RegistryDirectory] 收到通知，Provider 数量: 1
[RegistryDirectory]   → 127.0.0.1:20880 (com.axon.dubbo.demo.IUserService:1.0.0)
[RegistryDirectory] 列表已更新，共 1 个 Invoker
[DubboProtocol] 导出并注册(NIO): com.axon.dubbo.demo.IUserService:1.0.0 | dubbo://127.0.0.1:20880/com.axon.dubbo.demo.IUserService?version=1.0.0
[ServiceConfig] 服务已导出: IUserService | dubbo://127.0.0.1:20880/com.axon.dubbo.demo.IUserService?version=1.0.0
[AbstractRegistry] 添加订阅: com.axon.dubbo.demo.IUserService:1.0.0
[AbstractRegistry] 查找服务: com.axon.dubbo.demo.IUserService:1.0.0 → 找到 1 个提供者
[RegistryDirectory] 收到通知，Provider 数量: 1
[RegistryDirectory]   → 127.0.0.1:20880 (com.axon.dubbo.demo.IUserService:1.0.0)
[RegistryDirectory] 列表已更新，共 1 个 Invoker
[RegistryDirectory] 已订阅: com.axon.dubbo.demo.IUserService:1.0.0
[DubboProtocol] 引用服务(NIO): com.axon.dubbo.demo.IUserService:1.0.0 | Provider: 1
[ReferenceConfig] 服务已引用: IUserService
========== 代理缓存验证 ==========
proxy1 == proxy2: true
[测试通过] ReferenceConfig 代理缓存机制！
[DubboExporter] 取消导出: com.axon.dubbo.demo.IUserService:1.0.0
[NettyServer] 已关闭
[AbstractRegistry] 取消注册: com.axon.dubbo.demo.IUserService:1.0.0 → 127.0.0.1:20880
[RegistryDirectory] 收到通知，Provider 数量: 0
[RegistryDirectory] 列表已更新，共 0 个 Invoker
[RegistryDirectory] 收到通知，Provider 数量: 0
[RegistryDirectory] 列表已更新，共 0 个 Invoker
[DubboProtocol] 已销毁
]]></system-out>
  </testcase>
</testsuite>