<?xml version="1.0" encoding="UTF-8"?>
<testsuite xmlns:xsi="http://www.w3.org/2001/XMLSchema-instance" xsi:noNamespaceSchemaLocation="https://maven.apache.org/surefire/maven-surefire-plugin/xsd/surefire-test-report-3.0.xsd" version="3.0" name="com.axon.dubbo.demo.ApiTest" time="0.474" tests="3" errors="0" skipped="0" failures="0">
  <properties>
[...]
</properties>
  <testcase name="testSubscribeNotify" classname="com.axon.dubbo.demo.ApiTest" time="0.009">
    <system-out><![CDATA[[LocalRegistry] 本地注册中心已启动
[AbstractRegistry] 添加订阅: com.axon.dubbo.demo.IUserService
[AbstractRegistry] 未找到服务: com.axon.dubbo.demo.IUserService
[订阅者] 收到通知，提供者数量: 0
[AbstractRegistry] 注册服务: com.axon.dubbo.demo.IUserService → 10.0.0.1:20880（当前共 1 个提供者）
[订阅者] 收到通知，提供者数量: 1
[测试通过] 订阅通知机制验证成功！
]]></system-out>
  </testcase>
  <testcase name="testRegistryBasic" classname="com.axon.dubbo.demo.ApiTest" time="0.001">
    <system-out><![CDATA[[LocalRegistry] 本地注册中心已启动
[AbstractRegistry] 注册服务: com.axon.dubbo.demo.IUserService:1.0.0 → 192.168.1.100:20880（当前共 1 个提供者）
[测试] 已注册: dubbo://192.168.1.100:20880/com.axon.dubbo.demo.IUserService?version=1.0.0
[AbstractRegistry] 查找服务: com.axon.dubbo.demo.IUserService:1.0.0 → 找到 1 个提供者
[测试] 查找到提供者: 192.168.1.100:20880
[AbstractRegistry] 取消注册: com.axon.dubbo.demo.IUserService:1.0.0 → 192.168.1.100:20880
[AbstractRegistry] 未找到服务: com.axon.dubbo.demo.IUserService:1.0.0
[测试通过] 注册中心基本操作验证成功！
]]></system-out>
  </testcase>
  <testcase name="testRegistryDecoupling" classname="com.axon.dubbo.demo.ApiTest" time="0.384">
    <system-out><![CDATA[[LocalRegistry] 本地注册中心已启动
[AbstractRegistry] 注册服务: com.axon.dubbo.demo.IUserService:1.0.0 → 127.0.0.1:20882（当前共 1 个提供者）
[DubboProtocol] 导出并注册服务: com.axon.dubbo.demo.IUserService:1.0.0 | dubbo://127.0.0.1:20882/com.axon.dubbo.demo.IUserService?version=1.0.0
[AbstractRegistry] 查找服务: com.axon.dubbo.demo.IUserService:1.0.0 → 找到 1 个提供者
[测试] 注册中心查询到 1 个提供者
[DubboProtocol] 端口已监听: 20882
[DubboProtocol] 引用服务: com.axon.dubbo.demo.IUserService
[AbstractRegistry] 查找服务: com.axon.dubbo.demo.IUserService:1.0.0 → 找到 1 个提供者
[DubboProtocol] 发现提供者: 127.0.0.1:20882
========== 注册中心解耦测试 ==========
[InvokerInvocationHandler] 拦截: getUser[1001]
[DubboInvoker] 发起远程调用: Request{id=1, svc=com.axon.dubbo.demo.IUserService, m=getUser, args=[1001]} → 127.0.0.1:20882
[DubboProtocol] 收到请求: Request{id=1, svc=com.axon.dubbo.demo.IUserService, m=getUser, args=[1001]}
[UserServiceImpl] getUser(1001)
[测试] 通过注册中心调用成功: User{id=1001, name='User_1001', age=25, email='user1001@example.com'}
[DubboExporter] 取消导出: com.axon.dubbo.demo.IUserService:1.0.0
[AbstractRegistry] 取消注册: com.axon.dubbo.demo.IUserService:1.0.0 → 127.0.0.1:20882
[AbstractRegistry] 未找到服务: com.axon.dubbo.demo.IUserService:1.0.0
[测试通过] 注册中心解耦验证成功！
Provider 和 Consumer 仅通过注册中心交互，彼此完全透明！
]]></system-out>
  </testcase>
</testsuite>