<?xml version="1.0" encoding="UTF-8"?>
<testsuite xmlns:xsi="http://www.w3.org/2001/XMLSchema-instance" xsi:noNamespaceSchemaLocation="https://maven.apache.org/surefire/maven-surefire-plugin/xsd/surefire-test-report-3.0.xsd" version="3.0" name="com.axon.dubbo.demo.ApiTest" time="0.934" tests="3" errors="0" skipped="0" failures="0">
  <properties>
[...]
</properties>
  <testcase name="testMultiProviderRpcCall" classname="com.axon.dubbo.demo.ApiTest" time="0.33">
    <system-out><![CDATA[[LocalRegistry] 本地注册中心已启动
[AbstractRegistry] 注册服务: com.axon.dubbo.demo.IUserService:1.0.0 → 127.0.0.1:20891（当前共 1 个提供者）
[DubboProtocol] 导出并注册: com.axon.dubbo.demo.IUserService:1.0.0 | dubbo://127.0.0.1:20891/com.axon.dubbo.demo.IUserService?version=1.0.0
[AbstractRegistry] 注册服务: com.axon.dubbo.demo.IUserService:1.0.0 → 127.0.0.1:20892（当前共 2 个提供者）
[DubboProtocol] 导出并注册: com.axon.dubbo.demo.IUserService:1.0.0 | dubbo://127.0.0.1:20892/com.axon.dubbo.demo.IUserService?version=1.0.0
[DubboProtocol] 端口监听: 20891
[DubboProtocol] 端口监听: 20892
========== 多 Provider RPC 调用测试 ==========
[DubboProtocol] 引用服务: com.axon.dubbo.demo.IUserService:1.0.0
[AbstractRegistry] 添加订阅: com.axon.dubbo.demo.IUserService:1.0.0
[AbstractRegistry] 查找服务: com.axon.dubbo.demo.IUserService:1.0.0 → 找到 2 个提供者
[RegistryDirectory] 收到通知，Provider 数量: 2
[RegistryDirectory]   → 127.0.0.1:20891 (com.axon.dubbo.demo.IUserService:1.0.0)
[RegistryDirectory]   → 127.0.0.1:20892 (com.axon.dubbo.demo.IUserService:1.0.0)
[RegistryDirectory] 列表已更新，共 2 个 Invoker
[RegistryDirectory] 已订阅: com.axon.dubbo.demo.IUserService:1.0.0
[DubboProtocol] 从 Directory 获取到 2 个 Invoker
[DubboProtocol]   [0] 127.0.0.1:20891
[DubboProtocol]   [1] 127.0.0.1:20892
[InvokerInvocationHandler] 拦截: getUser[1001]
[DubboInvoker] 发起远程调用: Request{id=1, svc=com.axon.dubbo.demo.IUserService, m=getUser, args=[1001]} → 127.0.0.1:20891
[UserServiceImpl] getUser(1001)
[测试] 多 Provider 场景调用成功: User{id=1001, name='User_1001', age=25, email='user1001@example.com'}
[测试] Directory 中 Invoker 数量: 2
[测试通过] 多 Provider 端到端验证成功！
[AbstractRegistry] 取消订阅: com.axon.dubbo.demo.IUserService:1.0.0
[RegistryDirectory] 已取消订阅
[AbstractRegistry] 取消注册: com.axon.dubbo.demo.IUserService:1.0.0 → 127.0.0.1:20892
[DubboExporter] 取消导出: com.axon.dubbo.demo.IUserService:1.0.0
[DubboProtocol] 已销毁
]]></system-out>
  </testcase>
  <testcase name="testMultiProviderDirectory" classname="com.axon.dubbo.demo.ApiTest" time="0.543">
    <system-out><![CDATA[[LocalRegistry] 本地注册中心已启动
[AbstractRegistry] 添加订阅: com.axon.dubbo.demo.IUserService:1.0.0
[AbstractRegistry] 未找到服务: com.axon.dubbo.demo.IUserService:1.0.0
[RegistryDirectory] 收到通知，Provider 数量: 0
[RegistryDirectory] 列表已更新，共 0 个 Invoker
[RegistryDirectory] 已订阅: com.axon.dubbo.demo.IUserService:1.0.0
========== 多 Provider 动态感知测试 ==========
[初始] Invoker 数量: 0
[AbstractRegistry] 注册服务: com.axon.dubbo.demo.IUserService:1.0.0 → 10.0.0.1:20881（当前共 1 个提供者）
[RegistryDirectory] 收到通知，Provider 数量: 1
[RegistryDirectory]   → 10.0.0.1:20881 (com.axon.dubbo.demo.IUserService:1.0.0)
[RegistryDirectory] 列表已更新，共 1 个 Invoker
[P1上线] Invoker: 1
[AbstractRegistry] 注册服务: com.axon.dubbo.demo.IUserService:1.0.0 → 10.0.0.2:20882（当前共 2 个提供者）
[RegistryDirectory] 收到通知，Provider 数量: 2
[RegistryDirectory]   → 10.0.0.1:20881 (com.axon.dubbo.demo.IUserService:1.0.0)
[RegistryDirectory]   → 10.0.0.2:20882 (com.axon.dubbo.demo.IUserService:1.0.0)
[RegistryDirectory] 列表已更新，共 2 个 Invoker
[P2上线] Invoker: 2
[AbstractRegistry] 注册服务: com.axon.dubbo.demo.IUserService:1.0.0 → 10.0.0.3:20883（当前共 3 个提供者）
[RegistryDirectory] 收到通知，Provider 数量: 3
[RegistryDirectory]   → 10.0.0.1:20881 (com.axon.dubbo.demo.IUserService:1.0.0)
[RegistryDirectory]   → 10.0.0.2:20882 (com.axon.dubbo.demo.IUserService:1.0.0)
[RegistryDirectory]   → 10.0.0.3:20883 (com.axon.dubbo.demo.IUserService:1.0.0)
[RegistryDirectory] 列表已更新，共 3 个 Invoker
[P3上线] Invoker: 3
Directory 中的全部 Invoker:
  → 10.0.0.1:20881 (可用: true)
  → 10.0.0.2:20882 (可用: true)
  → 10.0.0.3:20883 (可用: true)
[AbstractRegistry] 取消注册: com.axon.dubbo.demo.IUserService:1.0.0 → 10.0.0.2:20882
[RegistryDirectory] 收到通知，Provider 数量: 2
[RegistryDirectory]   → 10.0.0.1:20881 (com.axon.dubbo.demo.IUserService:1.0.0)
[RegistryDirectory]   → 10.0.0.3:20883 (com.axon.dubbo.demo.IUserService:1.0.0)
[RegistryDirectory] 列表已更新，共 2 个 Invoker
[P2下线] Invoker: 2
[测试通过] RegistryDirectory 动态感知多 Provider 验证成功！
[AbstractRegistry] 取消订阅: com.axon.dubbo.demo.IUserService:1.0.0
[RegistryDirectory] 已取消订阅
]]></system-out>
  </testcase>
  <testcase name="testStaticDirectory" classname="com.axon.dubbo.demo.ApiTest" time="0.008">
    <system-out><![CDATA[[StaticDirectory] 创建静态目录: IUserService | Provider 数量: 3
========== StaticDirectory 测试 ==========
Directory 中 Invoker 数量: 3
  [0] 10.0.0.1:20880
  [1] 10.0.0.2:20880
  [2] 10.0.0.3:20880
[测试通过] StaticDirectory 管理多提供者验证成功！
]]></system-out>
  </testcase>
</testsuite>