<?xml version="1.0" encoding="UTF-8"?>
<testsuite xmlns:xsi="http://www.w3.org/2001/XMLSchema-instance" xsi:noNamespaceSchemaLocation="https://maven.apache.org/surefire/maven-surefire-plugin/xsd/surefire-test-report-3.0.xsd" version="3.0" name="com.axon.dubbo.demo.ApiTest" time="0.51" tests="4" errors="0" skipped="0" failures="0">
  <properties>
[...]
</properties>
  <testcase name="testDubboCodec" classname="com.axon.dubbo.demo.ApiTest" time="0.06">
    <system-out><![CDATA[========== DubboCodec 测试 ==========
原始请求: Request{id=1, svc=com.axon.dubbo.demo.IUserService, m=getUser, args=[1001]}
编码字节数: 446
协议头(16B) + 数据体(430B)
Magic:  0xDABB
Flag:   0x00 (请求=是)
Req ID: 1
解码请求: Request{id=1, svc=com.axon.dubbo.demo.IUserService, m=getUser, args=[1001]}
解码响应: Response{id=1, ok, res=Hello!}
[测试通过] DubboCodec 编解码验证成功！
]]></system-out>
  </testcase>
  <testcase name="testProtocolExportRefer" classname="com.axon.dubbo.demo.ApiTest" time="0.367">
    <system-out><![CDATA[[DubboProtocol] 导出服务: com.axon.dubbo.demo.IUserService:1.0.0 | URL: dubbo://127.0.0.1:20881/com.axon.dubbo.demo.IUserService?version=1.0.0
[测试] 服务已导出: dubbo://127.0.0.1:20881/com.axon.dubbo.demo.IUserService?version=1.0.0
[DubboProtocol] 服务端启动成功，端口: 20881
[DubboProtocol] 引用服务: com.axon.dubbo.demo.IUserService | URL: dubbo://127.0.0.1:20881/com.axon.dubbo.demo.IUserService?version=1.0.0
========== Protocol export/refer 测试 ==========
[InvokerInvocationHandler] 拦截: getUser[1001]
[DubboInvoker] 发起远程调用: Request{id=1, svc=com.axon.dubbo.demo.IUserService, m=getUser, args=[1001]} → 127.0.0.1:20881
[DubboProtocol] 收到请求: Request{id=1, svc=com.axon.dubbo.demo.IUserService, m=getUser, args=[1001]}
[UserServiceImpl] getUser(1001)
[测试] getUser: User{id=1001, name='User_1001', age=25, email='user1001@example.com'}
[InvokerInvocationHandler] 拦截: getUserName[2002]
[DubboInvoker] 发起远程调用: Request{id=2, svc=com.axon.dubbo.demo.IUserService, m=getUserName, args=[2002]} → 127.0.0.1:20881
[DubboProtocol] 收到请求: Request{id=2, svc=com.axon.dubbo.demo.IUserService, m=getUserName, args=[2002]}
[UserServiceImpl] getUserName(2002)
[测试] getUserName: UserName_2002
[InvokerInvocationHandler] 拦截: saveUser[User{id=null, name='王五', age=35, email='wangwu@test.com'}]
[DubboInvoker] 发起远程调用: Request{id=3, svc=com.axon.dubbo.demo.IUserService, m=saveUser, args=[User{id=null, name='王五', age=35, email='wangwu@test.com'}]} → 127.0.0.1:20881
[DubboProtocol] 收到请求: Request{id=3, svc=com.axon.dubbo.demo.IUserService, m=saveUser, args=[User{id=null, name='王五', age=35, email='wangwu@test.com'}]}
[UserServiceImpl] saveUser(User{id=null, name='王五', age=35, email='wangwu@test.com'})
[测试] saveUser: User{id=1783577250953, name='王五', age=35, email='wangwu@test.com'}
[测试通过] Protocol export/refer 端到端验证成功！
[DubboExporter] 取消导出: com.axon.dubbo.demo.IUserService:1.0.0
]]></system-out>
  </testcase>
  <testcase name="testCodecMagicCheck" classname="com.axon.dubbo.demo.ApiTest" time="0.0"/>
  <testcase name="testLocalInvokerProxy" classname="com.axon.dubbo.demo.ApiTest" time="0.001">
    <system-out><![CDATA[[InvokerInvocationHandler] 拦截: getUser[1]
[UserServiceImpl] getUser(1)
[测试通过] 本地 Invoker + 代理验证成功: User{id=1, name='User_1', age=25, email='user1@example.com'}
]]></system-out>
  </testcase>
</testsuite>