<?xml version="1.0" encoding="UTF-8"?>
<testsuite xmlns:xsi="http://www.w3.org/2001/XMLSchema-instance" xsi:noNamespaceSchemaLocation="https://maven.apache.org/surefire/maven-surefire-plugin/xsd/surefire-test-report-3.0.xsd" version="3.0" name="com.axon.dubbo.remoting.transport.socket.ApiTest" time="0.104" tests="1" errors="0" skipped="0" failures="0">
  <properties>
[...]
</properties>
  <testcase name="testSimpleRequestResponse" classname="com.axon.dubbo.remoting.transport.socket.ApiTest" time="0.029">
    <system-out><![CDATA[[SimpleClient] 发送请求: Request{id=1, data='Hello Step01'}
[SimpleClient] 收到响应: Server Echo: [Hello Step01]
========== Step 01 测试结果 ==========
请求: Request{id=1, data='Hello Step01'}
响应: Response{id=1, data='Server Echo: [Hello Step01]'}
======================================
[测试通过] 简单 Socket 通信验证成功！
]]></system-out>
  </testcase>
</testsuite>