<?xml version="1.0" encoding="UTF-8"?>
<testsuite xmlns:xsi="http://www.w3.org/2001/XMLSchema-instance" xsi:noNamespaceSchemaLocation="https://maven.apache.org/surefire/maven-surefire-plugin/xsd/surefire-test-report-3.0.xsd" version="3.0" name="com.axon.dubbo.demo.ApiTest" time="1.526" tests="3" errors="0" skipped="0" failures="0">
  <properties>
[...]
</properties>
  <testcase name="testMonitorZeroIntrusion" classname="com.axon.dubbo.demo.ApiTest" time="0.006">
    <system-out><![CDATA[========== 零侵入监控 ==========
添加监控的步骤：
  1. 实现 MonitorFilter implements Filter
  2. @Activate(group={"provider", "consumer"})
  3. 在 SPI 配置文件中加一行: monitor=...MonitorFilter
  ✅ 完成！业务代码、协议层、代理层零改动！

[结论] Filter SPI 让监控成为"可插拔"组件
[测试通过] 零侵入验证！
]]></system-out>
  </testcase>
  <testcase name="testMonitorStats" classname="com.axon.dubbo.demo.ApiTest" time="1.465">
    <system-out><![CDATA[[LocalRegistry] 本地注册中心已启动
[AbstractRegistry] 注册服务: com.axon.dubbo.demo.IUserService:1.0.0 → 127.0.0.1:20931（当前共 1 个提供者）
[DubboProtocol] 导出并注册(NIO): com.axon.dubbo.demo.IUserService:1.0.0 | dubbo://127.0.0.1:20931/com.axon.dubbo.demo.IUserService?version=1.0.0
[AbstractRegistry] 添加订阅: com.axon.dubbo.demo.IUserService:1.0.0
[AbstractRegistry] 查找服务: com.axon.dubbo.demo.IUserService:1.0.0 → 找到 1 个提供者
[RegistryDirectory] 收到通知，Provider 数量: 1
[RegistryDirectory]   → 127.0.0.1:20931 (com.axon.dubbo.demo.IUserService:1.0.0)
[RegistryDirectory] 列表已更新，共 1 个 Invoker
[RegistryDirectory] 已订阅: com.axon.dubbo.demo.IUserService:1.0.0
[DubboProtocol] 引用服务(NIO): com.axon.dubbo.demo.IUserService:1.0.0 | Provider: 1
========== 监控数据收集测试 ==========
[InvokerInvocationHandler] 拦截: getUser[1001]
[FailoverClusterInvoker] 开始调用，候选 Provider 数: 1，最大重试: 2
[FailoverClusterInvoker] 第1次尝试 → 127.0.0.1:20931
[NettyInvoker] NIO 调用 → 127.0.0.1:20931 | getUser
[NettyServer] NIO 服务端启动成功，端口: 20931
[NettyClient] 连接成功: 127.0.0.1:20931
[AccessLog] 收到调用: com.axon.dubbo.demo.IUserService.getUser | 参数: [1001]
[UserServiceImpl] getUser(1001)
[AccessLog] 调用完成: 耗时 1ms | 结果: 成功
[FailoverClusterInvoker] 调用成功！
[TimeCost] Consumer 端调用耗时: 592ms
[InvokerInvocationHandler] 拦截: getUser[1002]
[FailoverClusterInvoker] 开始调用，候选 Provider 数: 1，最大重试: 2
[FailoverClusterInvoker] 第1次尝试 → 127.0.0.1:20931
[NettyInvoker] NIO 调用 → 127.0.0.1:20931 | getUser
[AccessLog] 收到调用: com.axon.dubbo.demo.IUserService.getUser | 参数: [1002]
[UserServiceImpl] getUser(1002)
[AccessLog] 调用完成: 耗时 0ms | 结果: 成功
[FailoverClusterInvoker] 调用成功！
[TimeCost] Consumer 端调用耗时: 2ms
[InvokerInvocationHandler] 拦截: getUser[1003]
[FailoverClusterInvoker] 开始调用，候选 Provider 数: 1，最大重试: 2
[FailoverClusterInvoker] 第1次尝试 → 127.0.0.1:20931
[NettyInvoker] NIO 调用 → 127.0.0.1:20931 | getUser
[AccessLog] 收到调用: com.axon.dubbo.demo.IUserService.getUser | 参数: [1003]
[UserServiceImpl] getUser(1003)
[AccessLog] 调用完成: 耗时 0ms | 结果: 成功
[FailoverClusterInvoker] 调用成功！
[TimeCost] Consumer 端调用耗时: 2ms
[InvokerInvocationHandler] 拦截: getUser[1004]
[FailoverClusterInvoker] 开始调用，候选 Provider 数: 1，最大重试: 2
[FailoverClusterInvoker] 第1次尝试 → 127.0.0.1:20931
[NettyInvoker] NIO 调用 → 127.0.0.1:20931 | getUser
[AccessLog] 收到调用: com.axon.dubbo.demo.IUserService.getUser | 参数: [1004]
[UserServiceImpl] getUser(1004)
[AccessLog] 调用完成: 耗时 1ms | 结果: 成功
[FailoverClusterInvoker] 调用成功！
[TimeCost] Consumer 端调用耗时: 2ms
[InvokerInvocationHandler] 拦截: getUser[1005]
[FailoverClusterInvoker] 开始调用，候选 Provider 数: 1，最大重试: 2
[FailoverClusterInvoker] 第1次尝试 → 127.0.0.1:20931
[NettyInvoker] NIO 调用 → 127.0.0.1:20931 | getUser
[AccessLog] 收到调用: com.axon.dubbo.demo.IUserService.getUser | 参数: [1005]
[UserServiceImpl] getUser(1005)
[AccessLog] 调用完成: 耗时 0ms | 结果: 成功
[FailoverClusterInvoker] 调用成功！
[TimeCost] Consumer 端调用耗时: 2ms
[InvokerInvocationHandler] 拦截: getUserName[2001]
[FailoverClusterInvoker] 开始调用，候选 Provider 数: 1，最大重试: 2
[FailoverClusterInvoker] 第1次尝试 → 127.0.0.1:20931
[NettyInvoker] NIO 调用 → 127.0.0.1:20931 | getUserName
[AccessLog] 收到调用: com.axon.dubbo.demo.IUserService.getUserName | 参数: [2001]
[UserServiceImpl] getUserName(2001)
[AccessLog] 调用完成: 耗时 0ms | 结果: 成功
[FailoverClusterInvoker] 调用成功！
[TimeCost] Consumer 端调用耗时: 2ms
[InvokerInvocationHandler] 拦截: getUserName[2002]
[FailoverClusterInvoker] 开始调用，候选 Provider 数: 1，最大重试: 2
[FailoverClusterInvoker] 第1次尝试 → 127.0.0.1:20931
[NettyInvoker] NIO 调用 → 127.0.0.1:20931 | getUserName
[AccessLog] 收到调用: com.axon.dubbo.demo.IUserService.getUserName | 参数: [2002]
[UserServiceImpl] getUserName(2002)
[AccessLog] 调用完成: 耗时 1ms | 结果: 成功
[FailoverClusterInvoker] 调用成功！
[TimeCost] Consumer 端调用耗时: 1ms
[InvokerInvocationHandler] 拦截: getUserName[2003]
[FailoverClusterInvoker] 开始调用，候选 Provider 数: 1，最大重试: 2
[FailoverClusterInvoker] 第1次尝试 → 127.0.0.1:20931
[NettyInvoker] NIO 调用 → 127.0.0.1:20931 | getUserName
[AccessLog] 收到调用: com.axon.dubbo.demo.IUserService.getUserName | 参数: [2003]
[UserServiceImpl] getUserName(2003)
[AccessLog] 调用完成: 耗时 0ms | 结果: 成功
[FailoverClusterInvoker] 调用成功！
[TimeCost] Consumer 端调用耗时: 1ms
[InvokerInvocationHandler] 拦截: saveUser[User{id=null, name='A', age=20, email='a@test.com'}]
[FailoverClusterInvoker] 开始调用，候选 Provider 数: 1，最大重试: 2
[FailoverClusterInvoker] 第1次尝试 → 127.0.0.1:20931
[NettyInvoker] NIO 调用 → 127.0.0.1:20931 | saveUser
[AccessLog] 收到调用: com.axon.dubbo.demo.IUserService.saveUser | 参数: [User{id=null, name='A', age=20, email='a@test.com'}]
[UserServiceImpl] saveUser(User{id=null, name='A', age=20, email='a@test.com'})
[AccessLog] 调用完成: 耗时 0ms | 结果: 成功
[FailoverClusterInvoker] 调用成功！
[TimeCost] Consumer 端调用耗时: 2ms
[InvokerInvocationHandler] 拦截: saveUser[User{id=null, name='B', age=30, email='b@test.com'}]
[FailoverClusterInvoker] 开始调用，候选 Provider 数: 1，最大重试: 2
[FailoverClusterInvoker] 第1次尝试 → 127.0.0.1:20931
[NettyInvoker] NIO 调用 → 127.0.0.1:20931 | saveUser
[AccessLog] 收到调用: com.axon.dubbo.demo.IUserService.saveUser | 参数: [User{id=null, name='B', age=30, email='b@test.com'}]
[UserServiceImpl] saveUser(User{id=null, name='B', age=30, email='b@test.com'})
[AccessLog] 调用完成: 耗时 0ms | 结果: 成功
[FailoverClusterInvoker] 调用成功！
[TimeCost] Consumer 端调用耗时: 1ms

========== Monitor 统计 ==========
  com.axon.dubbo.demo.IUserService.getUser            总:  10  成功:  10  失败: 0  平均: 60ms  最大:592ms  最小:  0ms
  com.axon.dubbo.demo.IUserService.getUserName        总:   6  成功:   6  失败: 0  平均:  0ms  最大:  2ms  最小:  0ms
  com.axon.dubbo.demo.IUserService.saveUser           总:   4  成功:   4  失败: 0  平均:  0ms  最大:  2ms  最小:  0ms
==================================
[测试通过] 监控数据自动收集验证成功！
[NettyServer] 已关闭
[AbstractRegistry] 取消订阅: com.axon.dubbo.demo.IUserService:1.0.0
[RegistryDirectory] 已取消订阅
[AbstractRegistry] 取消注册: com.axon.dubbo.demo.IUserService:1.0.0 → 127.0.0.1:20931
[DubboExporter] 取消导出: com.axon.dubbo.demo.IUserService:1.0.0
[DubboProtocol] 已销毁
]]></system-out>
    <system-err><![CDATA[log4j:WARN No appenders could be found for logger (io.netty.util.internal.logging.InternalLoggerFactory).
log4j:WARN Please initialize the log4j system properly.
log4j:WARN See http://logging.apache.org/log4j/1.2/faq.html#noconfig for more info.
]]></system-err>
  </testcase>
  <testcase name="testMonitorFilterActivated" classname="com.axon.dubbo.demo.ApiTest" time="0.002">
    <system-out><![CDATA[========== MonitorFilter 激活验证 ==========
  AccessLogFilter
  ExceptionFilter
  MonitorFilter
[测试通过] MonitorFilter 通过 @Activate 自动激活！
]]></system-out>
  </testcase>
</testsuite>