<?xml version="1.0" encoding="UTF-8"?>
<testsuite xmlns:xsi="http://www.w3.org/2001/XMLSchema-instance" xsi:noNamespaceSchemaLocation="https://maven.apache.org/surefire/maven-surefire-plugin/xsd/surefire-test-report-3.0.xsd" version="3.0" name="com.axon.dubbo.demo.ApiTest" time="78.379" tests="7" errors="0" skipped="0" failures="0">
  <properties>
[...]
</properties>
  <testcase name="testFailsafeCluster" classname="com.axon.dubbo.demo.ApiTest" time="0.009">
    <system-out><![CDATA[[StaticDirectory] 创建静态目录: IUserService | Provider 数量: 0
========== Failsafe ==========
[FailsafeClusterInvoker] 无 Provider，返回空结果
返回结果: null (异常: false)
[测试通过] Failsafe ✓
]]></system-out>
  </testcase>
  <testcase name="testFailfastCluster" classname="com.axon.dubbo.demo.ApiTest" time="21.11">
    <system-out><![CDATA[[StaticDirectory] 创建静态目录: IUserService | Provider 数量: 3
========== Failfast ==========
集群: FailfastClusterInvoker
[FailfastClusterInvoker] 调用 → 10.0.0.3:20883
[DubboInvoker] 发起远程调用: Request{id=1, svc=com.axon.dubbo.demo.IUserService, m=getUser, args=[1]} → 10.0.0.3:20883
[测试通过] Failfast ✓
]]></system-out>
  </testcase>
  <testcase name="testBroadcastCluster" classname="com.axon.dubbo.demo.ApiTest" time="21.06">
    <system-out><![CDATA[[StaticDirectory] 创建静态目录: IUserService | Provider 数量: 3
========== Broadcast ==========
集群: BroadcastClusterInvoker
[BroadcastClusterInvoker] 广播调用 3 个 Provider
[BroadcastClusterInvoker]  [1/3] → 10.0.0.1:20881
[DubboInvoker] 发起远程调用: Request{id=2, svc=com.axon.dubbo.demo.IUserService, m=getUser, args=[1]} → 10.0.0.1:20881
[测试通过] Broadcast ✓
]]></system-out>
    <system-err><![CDATA[[BroadcastClusterInvoker] 广播调用失败: 广播失败: 10.0.0.1:20881
]]></system-err>
  </testcase>
  <testcase name="testFailoverCluster" classname="com.axon.dubbo.demo.ApiTest" time="0.001">
    <system-out><![CDATA[[StaticDirectory] 创建静态目录: IUserService | Provider 数量: 3
========== Failover ==========
集群: FailoverClusterInvoker | 可用: true
[测试通过] Failover ✓
]]></system-out>
  </testcase>
  <testcase name="testForkingCluster" classname="com.axon.dubbo.demo.ApiTest" time="15.065">
    <system-out><![CDATA[[StaticDirectory] 创建静态目录: IUserService | Provider 数量: 3
========== Forking ==========
集群: ForkingClusterInvoker
[ForkingClusterInvoker] 并行调用 3 个 Provider
[ForkingClusterInvoker] 并发#1 → 10.0.0.1:20881
[DubboInvoker] 发起远程调用: Request{id=3, svc=com.axon.dubbo.demo.IUserService, m=getUser, args=[1]} → 10.0.0.1:20881
[ForkingClusterInvoker] 并发#2 → 10.0.0.2:20882
[ForkingClusterInvoker] 并发#3 → 10.0.0.3:20883
[DubboInvoker] 发起远程调用: Request{id=4, svc=com.axon.dubbo.demo.IUserService, m=getUser, args=[1]} → 10.0.0.2:20882
[DubboInvoker] 发起远程调用: Request{id=5, svc=com.axon.dubbo.demo.IUserService, m=getUser, args=[1]} → 10.0.0.3:20883
[测试通过] Forking ✓
]]></system-out>
  </testcase>
  <testcase name="testFailbackCluster" classname="com.axon.dubbo.demo.ApiTest" time="0.007">
    <system-out><![CDATA[[StaticDirectory] 创建静态目录: IUserService | Provider 数量: 0
========== Failback ==========
返回(空Provider): null
[测试通过] Failback ✓
]]></system-out>
  </testcase>
  <testcase name="testAvailableCluster" classname="com.axon.dubbo.demo.ApiTest" time="21.055">
    <system-out><![CDATA[[StaticDirectory] 创建静态目录: IUserService | Provider 数量: 3
========== Available ==========
集群: AvailableClusterInvoker
[AvailableClusterInvoker] 找到可用 Provider → 10.0.0.1:20881
[DubboInvoker] 发起远程调用: Request{id=6, svc=com.axon.dubbo.demo.IUserService, m=getUser, args=[1]} → 10.0.0.1:20881
[测试通过] Available ✓
]]></system-out>
  </testcase>
</testsuite>