<?xml version="1.0" encoding="UTF-8"?>
<testsuite xmlns:xsi="http://www.w3.org/2001/XMLSchema-instance" xsi:noNamespaceSchemaLocation="https://maven.apache.org/surefire/maven-surefire-plugin/xsd/surefire-test-report-3.0.xsd" version="3.0" name="com.axon.dubbo.demo.ApiTest" time="6.594" tests="4" errors="0" skipped="0" failures="0">
  <properties>
[...]
</properties>
  <testcase name="testClusterJoin" classname="com.axon.dubbo.demo.ApiTest" time="0.012">
    <system-out><![CDATA[[StaticDirectory] 创建静态目录: IUserService | Provider 数量: 3
========== Cluster.join() 测试 ==========
集群 Invoker 接口: com.axon.dubbo.demo.IUserService
集群 Invoker 可用: true
[测试通过] Cluster.join() 验证成功！
]]></system-out>
  </testcase>
  <testcase name="testEmptyDirectory" classname="com.axon.dubbo.demo.ApiTest" time="0.001">
    <system-out><![CDATA[[StaticDirectory] 创建静态目录: IUserService | Provider 数量: 0
========== 空 Directory 容错测试 ==========
[失败] 应该抛出异常
[测试通过] 空 Directory 正确抛出异常！
]]></system-out>
  </testcase>
  <testcase name="testFailoverWithLoadBalance" classname="com.axon.dubbo.demo.ApiTest" time="0.001">
    <system-out><![CDATA[[StaticDirectory] 创建静态目录: IUserService | Provider 数量: 3
========== Failover + LoadBalance 测试 ==========
集群 Invoker 类型: FailoverClusterInvoker
集群 Invoker 可用: true
服务接口: com.axon.dubbo.demo.IUserService
负载均衡: RoundRobinLoadBalance
[测试通过] FailoverClusterInvoker 结构验证成功！
]]></system-out>
  </testcase>
  <testcase name="testClusterProxyIntegration" classname="com.axon.dubbo.demo.ApiTest" time="6.421">
    <system-out><![CDATA[[StaticDirectory] 创建静态目录: IUserService | Provider 数量: 3
========== Cluster → Proxy 集成测试 ==========
[InvokerInvocationHandler] 拦截: getUser[1]
[FailoverClusterInvoker] 开始调用，候选 Provider 数: 3，最大重试: 2
[FailoverClusterInvoker] 第1次尝试 → 127.0.0.1:20903
[DubboInvoker] 发起远程调用: Request{id=1, svc=com.axon.dubbo.demo.IUserService, m=getUser, args=[1]} → 127.0.0.1:20903
[FailoverClusterInvoker] 第2次尝试 → 127.0.0.1:20901
[DubboInvoker] 发起远程调用: Request{id=2, svc=com.axon.dubbo.demo.IUserService, m=getUser, args=[1]} → 127.0.0.1:20901
[FailoverClusterInvoker] 第3次尝试 → 127.0.0.1:20902
[DubboInvoker] 发起远程调用: Request{id=3, svc=com.axon.dubbo.demo.IUserService, m=getUser, args=[1]} → 127.0.0.1:20902
[预期] 调用失败（无 Provider 在线）
  异常类型: RuntimeException
  异常信息: Failover: 全部 3 次尝试失败，服务: com.axon.dubbo.demo.IUserService
[测试通过] Cluster → Proxy 集成验证成功！
]]></system-out>
    <system-err><![CDATA[[FailoverClusterInvoker] 调用失败: Connection refused: connect
[FailoverClusterInvoker] 调用失败: Connection refused: connect
[FailoverClusterInvoker] 调用失败: Connection refused: connect
]]></system-err>
  </testcase>
</testsuite>