<?xml version="1.0" encoding="UTF-8"?>
<testsuite xmlns:xsi="http://www.w3.org/2001/XMLSchema-instance" xsi:noNamespaceSchemaLocation="https://maven.apache.org/surefire/maven-surefire-plugin/xsd/surefire-test-report-3.0.xsd" version="3.0" name="com.axon.dubbo.demo.ApiTest" time="1.544" tests="2" errors="0" skipped="0" failures="0">
  <properties>
[...]
</properties>
  <testcase name="testFullIntegration" classname="com.axon.dubbo.demo.ApiTest" time="1.489">
    <system-out><![CDATA[
========== DubboBootstrap 启动 ==========
[LocalRegistry] 本地注册中心已启动
[AbstractRegistry] 注册服务: com.axon.dubbo.demo.IUserService:2.0.0 → 127.0.0.1:20880（当前共 1 个提供者）
[DubboProtocol] 导出并注册(NIO): com.axon.dubbo.demo.IUserService:2.0.0 | dubbo://127.0.0.1:20880/com.axon.dubbo.demo.IUserService?version=2.0.0
[ServiceConfig] 服务已导出: IUserService | dubbo://127.0.0.1:20880/com.axon.dubbo.demo.IUserService?version=2.0.0
[AbstractRegistry] 添加订阅: com.axon.dubbo.demo.IUserService:2.0.0
[AbstractRegistry] 查找服务: com.axon.dubbo.demo.IUserService:2.0.0 → 找到 1 个提供者
[RegistryDirectory] 收到通知，Provider 数量: 1
[RegistryDirectory]   → 127.0.0.1:20880 (com.axon.dubbo.demo.IUserService:2.0.0)
[RegistryDirectory] 列表已更新，共 1 个 Invoker
[RegistryDirectory] 已订阅: com.axon.dubbo.demo.IUserService:2.0.0
[DubboProtocol] 引用服务(NIO): com.axon.dubbo.demo.IUserService:2.0.0 | Provider: 1
[ReferenceConfig] 服务已引用: IUserService
========== 启动完成 ==========

========== 全架构整合测试 ==========
[InvokerInvocationHandler] 拦截: getUser[1001]
[FailoverClusterInvoker] 开始调用，候选 Provider 数: 1，最大重试: 2
[FailoverClusterInvoker] 第1次尝试 → 127.0.0.1:20880
[NettyInvoker] NIO 调用 → 127.0.0.1:20880 | getUser
[NettyServer] NIO 服务端启动成功，端口: 20880
[NettyClient] 连接成功: 127.0.0.1:20880
[AccessLog] 收到调用: com.axon.dubbo.demo.IUserService.getUser | 参数: [1001]
[UserServiceImpl] getUser(1001)
[AccessLog] 调用完成: 耗时 2ms | 结果: 成功
[FailoverClusterInvoker] 调用成功！
[TimeCost] Consumer 端调用耗时: 1125ms
[getUser] User{id=1001, name='User_1001', age=25, email='user1001@example.com'}
[InvokerInvocationHandler] 拦截: getUserName[2002]
[FailoverClusterInvoker] 开始调用，候选 Provider 数: 1，最大重试: 2
[FailoverClusterInvoker] 第1次尝试 → 127.0.0.1:20880
[NettyInvoker] NIO 调用 → 127.0.0.1:20880 | getUserName
[AccessLog] 收到调用: com.axon.dubbo.demo.IUserService.getUserName | 参数: [2002]
[UserServiceImpl] getUserName(2002)
[AccessLog] 调用完成: 耗时 0ms | 结果: 成功
[FailoverClusterInvoker] 调用成功！
[TimeCost] Consumer 端调用耗时: 1ms
[getUserName] UserName_2002
[InvokerInvocationHandler] 拦截: saveUser[User{id=null, name='最终测试', age=99, email='final@test.com'}]
[FailoverClusterInvoker] 开始调用，候选 Provider 数: 1，最大重试: 2
[FailoverClusterInvoker] 第1次尝试 → 127.0.0.1:20880
[NettyInvoker] NIO 调用 → 127.0.0.1:20880 | saveUser
[AccessLog] 收到调用: com.axon.dubbo.demo.IUserService.saveUser | 参数: [User{id=null, name='最终测试', age=99, email='final@test.com'}]
[UserServiceImpl] saveUser(User{id=null, name='最终测试', age=99, email='final@test.com'})
[AccessLog] 调用完成: 耗时 0ms | 结果: 成功
[FailoverClusterInvoker] 调用成功！
[TimeCost] Consumer 端调用耗时: 2ms
[saveUser] User{id=1783584512285, name='最终测试', age=99, email='final@test.com'}

[测试通过] 全架构整合——DubboBootstrap 一站式启动成功！

========== Monitor 统计 ==========
  com.axon.dubbo.demo.IUserService.saveUser           总:   2  成功:   2  失败: 0  平均:  1ms  最大:  2ms  最小:  0ms
  com.axon.dubbo.demo.IUserService.getUserName        总:   2  成功:   2  失败: 0  平均:  0ms  最大:  1ms  最小:  0ms
  com.axon.dubbo.demo.IUserService.getUser            总:   2  成功:   2  失败: 0  平均:563ms  最大:1125ms  最小:  1ms
==================================
[DubboExporter] 取消导出: com.axon.dubbo.demo.IUserService:2.0.0
[NettyServer] 已关闭
[AbstractRegistry] 取消注册: com.axon.dubbo.demo.IUserService:2.0.0 → 127.0.0.1:20880
[RegistryDirectory] 收到通知，Provider 数量: 0
[RegistryDirectory] 列表已更新，共 0 个 Invoker
[DubboProtocol] 已销毁
[DubboBootstrap] 已关闭
]]></system-out>
    <system-err><![CDATA[log4j:WARN No appenders could be found for logger (io.netty.util.internal.logging.InternalLoggerFactory).
log4j:WARN Please initialize the log4j system properly.
log4j:WARN See http://logging.apache.org/log4j/1.2/faq.html#noconfig for more info.
]]></system-err>
  </testcase>
  <testcase name="testDesignPatterns" classname="com.axon.dubbo.demo.ApiTest" time="0.011">
    <system-out><![CDATA[========== Dubbo 设计模式全景 ==========

  工厂模式        ProxyFactory, RegistryConfig.createRegistry()  创建对象，隐藏实例化细节
  单例模式        ExtensionLoader 扩展实例缓存, DubboBootstrap         全局唯一实例
  代理模式        InvokerInvocationHandler (JDK Proxy)           透明化远程调用
  模板方法        AbstractInvoker.invoke() → doInvoke()          定义算法骨架，子类实现步骤
  责任链         Filter.invoke(invoker, inv) → 调用下一个            横切关注点可插拔
  观察者         NotifyListener → Registry.notify()             Provider 变更自动通知
  装饰器         CarWrapper(Car) → Filter 链包装 Invoker           不改变接口，增强功能
  适配器         Netty → DubboCodec → LengthFieldBasedFrameDecoder  不同接口适配
  策略          LoadBalance: Random/RoundRobin/LeastActive/CH  算法可替换
  外观          DubboBootstrap.start() → 一键启动                  简化复杂子系统
  建造者         URL.builder().protocol().host().port().build()  流式构建复杂对象
  微内核         SPI + ExtensionLoader + @Activate              内核稳定，插件灵活

[总结] 12 种设计模式，构建了一个完整的微内核+插件化 RPC 框架！
]]></system-out>
  </testcase>
</testsuite>